Using pre-set license
Built from '6000.0/staging' branch; Version is '6000.0.38f1 (82314a941f2d) revision 8532298'; Using compiler version '193933523'; Build Type 'Release'
OS: 'Windows 10  (10.0.19045) 64bit Professional' Language: 'ru' Physical Memory: 32690 MB
BatchMode: 1, IsHumanControllingUs: 0, StartBugReporterOnCrash: 0, Is64bit: 1, IsPro: 1

COMMAND LINE ARGUMENTS:
C:\Program Files\Unity\Hub\Editor\6000.0.38f1\Editor\Unity.exe
-adb2
-batchMode
-noUpm
-name
AssetImportWorker2
-projectPath
C:/Users/user/Desktop/приложение/Mobile_Test
-logFile
Logs/AssetImportWorker2.log
-srvPort
62688
-job-worker-count
7
-background-job-worker-count
8
-gc-helper-count
1
Successfully changed project path to: C:/Users/user/Desktop/приложение/Mobile_Test
C:/Users/user/Desktop/приложение/Mobile_Test
[UnityMemory] Configuration Parameters - Can be set up in boot.config
    "memorysetup-bucket-allocator-granularity=16"
    "memorysetup-bucket-allocator-bucket-count=8"
    "memorysetup-bucket-allocator-block-size=33554432"
    "memorysetup-bucket-allocator-block-count=8"
    "memorysetup-main-allocator-block-size=16777216"
    "memorysetup-thread-allocator-block-size=16777216"
    "memorysetup-gfx-main-allocator-block-size=16777216"
    "memorysetup-gfx-thread-allocator-block-size=16777216"
    "memorysetup-cache-allocator-block-size=4194304"
    "memorysetup-typetree-allocator-block-size=2097152"
    "memorysetup-profiler-bucket-allocator-granularity=16"
    "memorysetup-profiler-bucket-allocator-bucket-count=8"
    "memorysetup-profiler-bucket-allocator-block-size=33554432"
    "memorysetup-profiler-bucket-allocator-block-count=8"
    "memorysetup-profiler-allocator-block-size=16777216"
    "memorysetup-profiler-editor-allocator-block-size=1048576"
    "memorysetup-temp-allocator-size-main=16777216"
    "memorysetup-job-temp-allocator-block-size=2097152"
    "memorysetup-job-temp-allocator-block-size-background=1048576"
    "memorysetup-job-temp-allocator-reduction-small-platforms=262144"
    "memorysetup-allocator-temp-initial-block-size-main=262144"
    "memorysetup-allocator-temp-initial-block-size-worker=262144"
    "memorysetup-temp-allocator-size-background-worker=32768"
    "memorysetup-temp-allocator-size-job-worker=262144"
    "memorysetup-temp-allocator-size-preload-manager=33554432"
    "memorysetup-temp-allocator-size-nav-mesh-worker=65536"
    "memorysetup-temp-allocator-size-audio-worker=65536"
    "memorysetup-temp-allocator-size-cloud-worker=32768"
    "memorysetup-temp-allocator-size-gi-baking-worker=262144"
    "memorysetup-temp-allocator-size-gi-baking-worker=262144"
    "memorysetup-temp-allocator-size-gi-baking-worker=262144"
    "memorysetup-temp-allocator-size-gi-baking-worker=262144"
    "memorysetup-temp-allocator-size-gi-baking-worker=262144"
    "memorysetup-temp-allocator-size-gfx=262144"
Player connection [6660]  Target information:

Player connection [6660]  * "[IP] 192.168.0.103 [Port] 0 [Flags] 2 [Guid] 2905094062 [EditorId] 2905094062 [Version] 1048832 [Id] WindowsEditor(7,DESKTOP-78H6MG7) [Debug] 1 [PackageName] WindowsEditor [ProjectName] Editor" 

Player connection [6660]  * "[IP] 192.168.175.1 [Port] 0 [Flags] 2 [Guid] 2905094062 [EditorId] 2905094062 [Version] 1048832 [Id] WindowsEditor(7,DESKTOP-78H6MG7) [Debug] 1 [PackageName] WindowsEditor [ProjectName] Editor" 

Player connection [6660]  * "[IP] 192.168.240.1 [Port] 0 [Flags] 2 [Guid] 2905094062 [EditorId] 2905094062 [Version] 1048832 [Id] WindowsEditor(7,DESKTOP-78H6MG7) [Debug] 1 [PackageName] WindowsEditor [ProjectName] Editor" 

Player connection [6660] Host joined multi-casting on [225.0.0.222:54997]...
Player connection [6660] Host joined alternative multi-casting on [225.0.0.222:34997]...
JobSystem: Creating JobQueue using job-worker-count value 7
Input System module state changed to: Initialized.
[Physics::Module] Initialized fallback backend.
[Physics::Module] Id: 0xdecafbad
Library Redirect Path: Library/
[Physics::Module] Selected backend.
[Physics::Module] Name: PhysX
[Physics::Module] Id: 0xf2b8ea05
[Physics::Module] SDK Version: 4.1.2
[Physics::Module] Integration Version: 1.0.0
[Physics::Module] Threading Mode: Multi-Threaded
Refreshing native plugins compatible for Editor in 4.79 ms, found 4 plugins.
Preloading 0 native plugins for Editor in 0.00 ms.
Initialize engine version: 6000.0.38f1 (82314a941f2d)
[Subsystems] Discovering subsystems at path C:/Program Files/Unity/Hub/Editor/6000.0.38f1/Editor/Data/Resources/UnitySubsystems
[Subsystems] Discovering subsystems at path C:/Users/user/Desktop/приложение/Mobile_Test/Assets
GfxDevice: creating device client; kGfxThreadingModeNonThreaded
Direct3D:
    Version:  Direct3D 11.0 [level 11.1]
    Renderer: AMD Radeon R7 200 Series (ID=0x6610)
    Vendor:   ATI
    VRAM:     1004 MB
    Driver:   27.20.1034.6
Shader Hidden/ProbeVolume/VoxelizeScene is not supported: GPU does not support conservative rasterization
Initialize mono
Mono path[0] = 'C:/Program Files/Unity/Hub/Editor/6000.0.38f1/Editor/Data/Managed'
Mono path[1] = 'C:/Program Files/Unity/Hub/Editor/6000.0.38f1/Editor/Data/MonoBleedingEdge/lib/mono/unityjit-win32'
Mono config path = 'C:/Program Files/Unity/Hub/Editor/6000.0.38f1/Editor/Data/MonoBleedingEdge/etc'
Using monoOptions --debugger-agent=transport=dt_socket,embedding=1,server=y,suspend=n,address=127.0.0.1:56496
Begin MonoManager ReloadAssembly
Registering precompiled unity dll's ...
Register platform support module: C:/Program Files/Unity/Hub/Editor/6000.0.38f1/Editor/Data/PlaybackEngines/WindowsStandaloneSupport/UnityEditor.WindowsStandalone.Extensions.dll
Register platform support module: C:/Program Files/Unity/Hub/Editor/6000.0.38f1/Editor/Data/PlaybackEngines/AndroidPlayer/UnityEditor.Android.Extensions.dll
Registered in 0.003697 seconds.
- Loaded All Assemblies, in  0.382 seconds
Native extension for Android target not found
Android Extension - Scanning For ADB Devices 290 ms
Native extension for WindowsStandalone target not found
Mono: successfully reloaded assembly
- Finished resetting the current domain, in  0.634 seconds
Domain Reload Profiling: 1013ms
	BeginReloadAssembly (126ms)
		ExecutionOrderSort (0ms)
		DisableScriptedObjects (0ms)
		BackupInstance (0ms)
		ReleaseScriptingObjects (0ms)
		CreateAndSetChildDomain (1ms)
	RebuildCommonClasses (35ms)
	RebuildNativeTypeToScriptingClass (13ms)
	initialDomainReloadingComplete (52ms)
	LoadAllAssembliesAndSetupDomain (153ms)
		LoadAssemblies (123ms)
		RebuildTransferFunctionScriptingTraits (0ms)
		AnalyzeDomain (150ms)
			TypeCache.Refresh (149ms)
				TypeCache.ScanAssembly (136ms)
			BuildScriptInfoCaches (0ms)
			ResolveRequiredComponents (0ms)
	FinalizeReload (634ms)
		ReleaseScriptCaches (0ms)
		RebuildScriptCaches (0ms)
		SetupLoadedEditorAssemblies (595ms)
			LogAssemblyErrors (0ms)
			InitializePlatformSupportModulesInManaged (376ms)
			SetLoadedEditorAssemblies (4ms)
			BeforeProcessingInitializeOnLoad (47ms)
			ProcessInitializeOnLoadAttributes (112ms)
			ProcessInitializeOnLoadMethodAttributes (56ms)
			AfterProcessingInitializeOnLoad (0ms)
			EditorAssembliesLoaded (0ms)
		ExecutionOrderSort2 (0ms)
		AwakeInstancesAfterBackupRestoration (0ms)
========================================================================
Worker process is ready to serve import requests
Import Worker Mode flag is 0x00
Begin MonoManager ReloadAssembly
- Loaded All Assemblies, in  0.838 seconds
Refreshing native plugins compatible for Editor in 3.71 ms, found 4 plugins.
Native extension for Android target not found
Native extension for WindowsStandalone target not found
Mono: successfully reloaded assembly
Package Manager log level set to [2]
[Package Manager] Failed to launch server process. Reason: Unity was launched with the -noUpm command-line argument
[Package Manager] Unable to send message (not connected to server process).
[Package Manager] Cannot connect to Unity Package Manager local server
[Package Manager] Failed to launch server process. Reason: Unity was launched with the -noUpm command-line argument
[Package Manager] Unable to send message (not connected to server process).
[Package Manager] Cannot connect to Unity Package Manager local server
- Finished resetting the current domain, in  0.692 seconds
Domain Reload Profiling: 1524ms
	BeginReloadAssembly (175ms)
		ExecutionOrderSort (0ms)
		DisableScriptedObjects (5ms)
		BackupInstance (0ms)
		ReleaseScriptingObjects (0ms)
		CreateAndSetChildDomain (33ms)
	RebuildCommonClasses (29ms)
	RebuildNativeTypeToScriptingClass (10ms)
	initialDomainReloadingComplete (35ms)
	LoadAllAssembliesAndSetupDomain (584ms)
		LoadAssemblies (422ms)
		RebuildTransferFunctionScriptingTraits (0ms)
		AnalyzeDomain (270ms)
			TypeCache.Refresh (188ms)
				TypeCache.ScanAssembly (163ms)
			BuildScriptInfoCaches (70ms)
			ResolveRequiredComponents (10ms)
	FinalizeReload (692ms)
		ReleaseScriptCaches (0ms)
		RebuildScriptCaches (0ms)
		SetupLoadedEditorAssemblies (577ms)
			LogAssemblyErrors (0ms)
			InitializePlatformSupportModulesInManaged (12ms)
			SetLoadedEditorAssemblies (7ms)
			BeforeProcessingInitializeOnLoad (132ms)
			ProcessInitializeOnLoadAttributes (360ms)
			ProcessInitializeOnLoadMethodAttributes (60ms)
			AfterProcessingInitializeOnLoad (5ms)
			EditorAssembliesLoaded (0ms)
		ExecutionOrderSort2 (0ms)
		AwakeInstancesAfterBackupRestoration (8ms)
Shader Hidden/ProbeVolume/VoxelizeScene is not supported: GPU does not support conservative rasterization
Launched and connected shader compiler UnityShaderCompiler.exe after 0.01 seconds
Refreshing native plugins compatible for Editor in 5.61 ms, found 4 plugins.
Preloading 0 native plugins for Editor in 0.00 ms.
Unloading 147 Unused Serialized files (Serialized files now loaded: 0)
Unloading 6944 unused Assets / (6.3 MB). Loaded Objects now: 7479.
Memory consumption went from 159.5 MB to 153.2 MB.
Total: 13.310900 ms (FindLiveObjects: 1.061100 ms CreateObjectMapping: 0.821100 ms MarkObjects: 7.912800 ms  DeleteObjects: 3.514800 ms)

========================================================================
Received Import Request.
  Time since last request: 25630.910696 seconds.
  path: Assets/Resources/SpriteGameEnglish
  artifactKey: Guid(4c255d464cdf8774eba6d48c3ae9b924) Importer(815301076,1909f56bfc062723c751e8b465ee728b)
Start importing Assets/Resources/SpriteGameEnglish using Guid(4c255d464cdf8774eba6d48c3ae9b924) Importer(815301076,1909f56bfc062723c751e8b465ee728b) (PreviewImporter) -> (artifact id: 'a55ae3db2ff0e22d583fdbcd40666de9') in 0.0056447 seconds
Number of updated asset objects reloaded before import = 0Number of asset objects unloaded after import = 0

========================================================================
Received Import Request.
  Time since last request: 0.000022 seconds.
  path: Assets/Resources/SpriteGameEnglish/кнопка продолжить.png
  artifactKey: Guid(df7851f0b50ac31458157b1bb0f26fce) Importer(815301076,1909f56bfc062723c751e8b465ee728b)
Start importing Assets/Resources/SpriteGameEnglish/кнопка продолжить.png using Guid(df7851f0b50ac31458157b1bb0f26fce) Importer(815301076,1909f56bfc062723c751e8b465ee728b) (PreviewImporter) -> (artifact id: '005f258f834a9161b77191d7091c39a0') in 0.1340466 seconds
Number of updated asset objects reloaded before import = 0Number of asset objects unloaded after import = 3

========================================================================
Received Import Request.
  Time since last request: 0.000041 seconds.
  path: Assets/Resources/SpriteGameEnglish/01_00 красный.png
  artifactKey: Guid(935e78e34cdc91f48ab91257eb8aaf0d) Importer(815301076,1909f56bfc062723c751e8b465ee728b)
Start importing Assets/Resources/SpriteGameEnglish/01_00 красный.png using Guid(935e78e34cdc91f48ab91257eb8aaf0d) Importer(815301076,1909f56bfc062723c751e8b465ee728b) (PreviewImporter) -> (artifact id: 'c9725106cd3ab2e9389385bb0cb0542f') in 0.0186501 seconds
Number of updated asset objects reloaded before import = 0Number of asset objects unloaded after import = 8

========================================================================
Received Import Request.
  Time since last request: 0.000013 seconds.
  path: Assets/Resources/SpriteGameEnglish/ИГРА АНГЛ.png
  artifactKey: Guid(19ed53d7f7206b64eadaaf9e079e2894) Importer(815301076,1909f56bfc062723c751e8b465ee728b)
Start importing Assets/Resources/SpriteGameEnglish/ИГРА АНГЛ.png using Guid(19ed53d7f7206b64eadaaf9e079e2894) Importer(815301076,1909f56bfc062723c751e8b465ee728b) (PreviewImporter) -> (artifact id: '6469bab868a2c73e70da22744d9cc6a2') in 0.0139212 seconds
Number of updated asset objects reloaded before import = 0Number of asset objects unloaded after import = 3

========================================================================
Received Import Request.
  Time since last request: 0.000067 seconds.
  path: Assets/Resources/SpriteGameEnglish/кнопка пауза.png
  artifactKey: Guid(663d8fc0b4f06ff4d959aab08cfd1a9b) Importer(815301076,1909f56bfc062723c751e8b465ee728b)
Start importing Assets/Resources/SpriteGameEnglish/кнопка пауза.png using Guid(663d8fc0b4f06ff4d959aab08cfd1a9b) Importer(815301076,1909f56bfc062723c751e8b465ee728b) (PreviewImporter) -> (artifact id: '07bd120f286ddd50f1d795f36460479b') in 0.0079501 seconds
Number of updated asset objects reloaded before import = 0Number of asset objects unloaded after import = 3

========================================================================
Received Import Request.
  Time since last request: 0.000017 seconds.
  path: Assets/Resources/SpriteGameEnglish/пауза блок.png
  artifactKey: Guid(c3314bc46d591bf4fad7737984e7ad1b) Importer(815301076,1909f56bfc062723c751e8b465ee728b)
Start importing Assets/Resources/SpriteGameEnglish/пауза блок.png using Guid(c3314bc46d591bf4fad7737984e7ad1b) Importer(815301076,1909f56bfc062723c751e8b465ee728b) (PreviewImporter) -> (artifact id: 'f1cba7d731123ae510887129a254389c') in 0.0106275 seconds
Number of updated asset objects reloaded before import = 0Number of asset objects unloaded after import = 3

========================================================================
Received Import Request.
  Time since last request: 0.000039 seconds.
  path: Assets/Resources/SpriteGameEnglish/очки.png
  artifactKey: Guid(414db4b93dc6b9c41b1fcf30f6ed557a) Importer(815301076,1909f56bfc062723c751e8b465ee728b)
Start importing Assets/Resources/SpriteGameEnglish/очки.png using Guid(414db4b93dc6b9c41b1fcf30f6ed557a) Importer(815301076,1909f56bfc062723c751e8b465ee728b) (PreviewImporter) -> (artifact id: '7e9c933777e60883853ae6b27ef0d567') in 0.0090467 seconds
Number of updated asset objects reloaded before import = 0Number of asset objects unloaded after import = 3

========================================================================
Received Import Request.
  Time since last request: 171.423136 seconds.
  path: Assets/Prefabs/Enemy.prefab
  artifactKey: Guid(1294aa7005db2b045bac8fecb01dd39e) Importer(815301076,1909f56bfc062723c751e8b465ee728b)
Start importing Assets/Prefabs/Enemy.prefab using Guid(1294aa7005db2b045bac8fecb01dd39e) Importer(815301076,1909f56bfc062723c751e8b465ee728b) (PreviewImporter) -> (artifact id: '347fcc28670330df85f62cc85f3d407c') in 0.0264225 seconds
Number of updated asset objects reloaded before import = 0Number of asset objects unloaded after import = 19

========================================================================
Received Import Request.
  Time since last request: 2.765490 seconds.
  path: Assets/Prefabs/Enemy.prefab
  artifactKey: Guid(1294aa7005db2b045bac8fecb01dd39e) Importer(815301076,1909f56bfc062723c751e8b465ee728b)
Start importing Assets/Prefabs/Enemy.prefab using Guid(1294aa7005db2b045bac8fecb01dd39e) Importer(815301076,1909f56bfc062723c751e8b465ee728b) (PreviewImporter) -> (artifact id: 'd440d5e2af2edd33fc427fcd06cdcca8') in 0.0124617 seconds
Number of updated asset objects reloaded before import = 0Number of asset objects unloaded after import = 19

========================================================================
Received Import Request.
  Time since last request: 1.189394 seconds.
  path: Assets/Prefabs/Enemy.prefab
  artifactKey: Guid(1294aa7005db2b045bac8fecb01dd39e) Importer(815301076,1909f56bfc062723c751e8b465ee728b)
Start importing Assets/Prefabs/Enemy.prefab using Guid(1294aa7005db2b045bac8fecb01dd39e) Importer(815301076,1909f56bfc062723c751e8b465ee728b) (PreviewImporter) -> (artifact id: '5abb659df1555e268f8e5a5d013eb8af') in 0.0155723 seconds
Number of updated asset objects reloaded before import = 0Number of asset objects unloaded after import = 19

========================================================================
Received Import Request.
  Time since last request: 5.014220 seconds.
  path: Assets/Prefabs/Enemy.prefab
  artifactKey: Guid(1294aa7005db2b045bac8fecb01dd39e) Importer(815301076,1909f56bfc062723c751e8b465ee728b)
Start importing Assets/Prefabs/Enemy.prefab using Guid(1294aa7005db2b045bac8fecb01dd39e) Importer(815301076,1909f56bfc062723c751e8b465ee728b) (PreviewImporter) -> (artifact id: 'af09c82b1c6eef9364cacbfdfbdf9294') in 0.0119493 seconds
Number of updated asset objects reloaded before import = 0Number of asset objects unloaded after import = 19

========================================================================
Received Import Request.
  Time since last request: 1.998247 seconds.
  path: Assets/Prefabs/Enemy.prefab
  artifactKey: Guid(1294aa7005db2b045bac8fecb01dd39e) Importer(815301076,1909f56bfc062723c751e8b465ee728b)
Start importing Assets/Prefabs/Enemy.prefab using Guid(1294aa7005db2b045bac8fecb01dd39e) Importer(815301076,1909f56bfc062723c751e8b465ee728b) (PreviewImporter) -> (artifact id: 'e3f7009781e17c8de7d42f87e6f661be') in 0.0118149 seconds
Number of updated asset objects reloaded before import = 0Number of asset objects unloaded after import = 19

========================================================================
Received Import Request.
  Time since last request: 6.630973 seconds.
  path: Assets/Prefabs/Enemy.prefab
  artifactKey: Guid(1294aa7005db2b045bac8fecb01dd39e) Importer(815301076,1909f56bfc062723c751e8b465ee728b)
Start importing Assets/Prefabs/Enemy.prefab using Guid(1294aa7005db2b045bac8fecb01dd39e) Importer(815301076,1909f56bfc062723c751e8b465ee728b) (PreviewImporter) -> (artifact id: '15ed50075a2da1779cdd0b1f7b72fc72') in 0.0119899 seconds
Number of updated asset objects reloaded before import = 0Number of asset objects unloaded after import = 19

========================================================================
Received Import Request.
  Time since last request: 0.986466 seconds.
  path: Assets/Prefabs/Enemy.prefab
  artifactKey: Guid(1294aa7005db2b045bac8fecb01dd39e) Importer(815301076,1909f56bfc062723c751e8b465ee728b)
Start importing Assets/Prefabs/Enemy.prefab using Guid(1294aa7005db2b045bac8fecb01dd39e) Importer(815301076,1909f56bfc062723c751e8b465ee728b) (PreviewImporter) -> (artifact id: 'aa576e243818b24e8d16a9d89655a551') in 0.0117968 seconds
Number of updated asset objects reloaded before import = 0Number of asset objects unloaded after import = 19

========================================================================
Received Import Request.
  Time since last request: 1.398061 seconds.
  path: Assets/Prefabs/Enemy.prefab
  artifactKey: Guid(1294aa7005db2b045bac8fecb01dd39e) Importer(815301076,1909f56bfc062723c751e8b465ee728b)
Start importing Assets/Prefabs/Enemy.prefab using Guid(1294aa7005db2b045bac8fecb01dd39e) Importer(815301076,1909f56bfc062723c751e8b465ee728b) (PreviewImporter) -> (artifact id: 'cdae7c7c3e67c444267bae0081da07b8') in 0.0118758 seconds
Number of updated asset objects reloaded before import = 0Number of asset objects unloaded after import = 19

========================================================================
Received Import Request.
  Time since last request: 2.801352 seconds.
  path: Assets/Prefabs/Enemy.prefab
  artifactKey: Guid(1294aa7005db2b045bac8fecb01dd39e) Importer(815301076,1909f56bfc062723c751e8b465ee728b)
Start importing Assets/Prefabs/Enemy.prefab using Guid(1294aa7005db2b045bac8fecb01dd39e) Importer(815301076,1909f56bfc062723c751e8b465ee728b) (PreviewImporter) -> (artifact id: '05f7cd99f25c115459f411d27e0aa313') in 0.0119324 seconds
Number of updated asset objects reloaded before import = 0Number of asset objects unloaded after import = 19

========================================================================
Received Import Request.
  Time since last request: 0.787999 seconds.
  path: Assets/Prefabs/Enemy.prefab
  artifactKey: Guid(1294aa7005db2b045bac8fecb01dd39e) Importer(815301076,1909f56bfc062723c751e8b465ee728b)
Start importing Assets/Prefabs/Enemy.prefab using Guid(1294aa7005db2b045bac8fecb01dd39e) Importer(815301076,1909f56bfc062723c751e8b465ee728b) (PreviewImporter) -> (artifact id: '1297fb733902460e068ca7a5aa287cc0') in 0.0119616 seconds
Number of updated asset objects reloaded before import = 0Number of asset objects unloaded after import = 19

========================================================================
Received Import Request.
  Time since last request: 3.202813 seconds.
  path: Assets/Prefabs/Enemy.prefab
  artifactKey: Guid(1294aa7005db2b045bac8fecb01dd39e) Importer(815301076,1909f56bfc062723c751e8b465ee728b)
Start importing Assets/Prefabs/Enemy.prefab using Guid(1294aa7005db2b045bac8fecb01dd39e) Importer(815301076,1909f56bfc062723c751e8b465ee728b) (PreviewImporter) -> (artifact id: '0bf21ded6eac28d764619c05ed8e870f') in 0.0128745 seconds
Number of updated asset objects reloaded before import = 0Number of asset objects unloaded after import = 19

========================================================================
Received Import Request.
  Time since last request: 0.988697 seconds.
  path: Assets/Prefabs/Enemy.prefab
  artifactKey: Guid(1294aa7005db2b045bac8fecb01dd39e) Importer(815301076,1909f56bfc062723c751e8b465ee728b)
Start importing Assets/Prefabs/Enemy.prefab using Guid(1294aa7005db2b045bac8fecb01dd39e) Importer(815301076,1909f56bfc062723c751e8b465ee728b) (PreviewImporter) -> (artifact id: 'a34a9618fd1b35cef54f65dc92d96b3d') in 0.0118317 seconds
Number of updated asset objects reloaded before import = 0Number of asset objects unloaded after import = 19

========================================================================
Received Import Request.
  Time since last request: 3.205270 seconds.
  path: Assets/Prefabs/Enemy.prefab
  artifactKey: Guid(1294aa7005db2b045bac8fecb01dd39e) Importer(815301076,1909f56bfc062723c751e8b465ee728b)
Start importing Assets/Prefabs/Enemy.prefab using Guid(1294aa7005db2b045bac8fecb01dd39e) Importer(815301076,1909f56bfc062723c751e8b465ee728b) (PreviewImporter) -> (artifact id: '6a7f0ac25593b2c2fb8b1cdee105c906') in 0.011801 seconds
Number of updated asset objects reloaded before import = 0Number of asset objects unloaded after import = 19

========================================================================
Received Import Request.
  Time since last request: 5.025311 seconds.
  path: Assets/Prefabs/Enemy.prefab
  artifactKey: Guid(1294aa7005db2b045bac8fecb01dd39e) Importer(815301076,1909f56bfc062723c751e8b465ee728b)
Start importing Assets/Prefabs/Enemy.prefab using Guid(1294aa7005db2b045bac8fecb01dd39e) Importer(815301076,1909f56bfc062723c751e8b465ee728b) (PreviewImporter) -> (artifact id: '9fee01102b08d09d1c933fa78f991210') in 0.0132604 seconds
Number of updated asset objects reloaded before import = 0Number of asset objects unloaded after import = 19

========================================================================
Received Import Request.
  Time since last request: 0.984297 seconds.
  path: Assets/Prefabs/Enemy.prefab
  artifactKey: Guid(1294aa7005db2b045bac8fecb01dd39e) Importer(815301076,1909f56bfc062723c751e8b465ee728b)
Start importing Assets/Prefabs/Enemy.prefab using Guid(1294aa7005db2b045bac8fecb01dd39e) Importer(815301076,1909f56bfc062723c751e8b465ee728b) (PreviewImporter) -> (artifact id: '980d4345d60d7bf06790f0bb1355fc9d') in 0.0124522 seconds
Number of updated asset objects reloaded before import = 0Number of asset objects unloaded after import = 19

========================================================================
Received Import Request.
  Time since last request: 1.594185 seconds.
  path: Assets/Prefabs/Enemy.prefab
  artifactKey: Guid(1294aa7005db2b045bac8fecb01dd39e) Importer(815301076,1909f56bfc062723c751e8b465ee728b)
Start importing Assets/Prefabs/Enemy.prefab using Guid(1294aa7005db2b045bac8fecb01dd39e) Importer(815301076,1909f56bfc062723c751e8b465ee728b) (PreviewImporter) -> (artifact id: 'f9800ebbee429c69a315316f979d0e43') in 0.0123223 seconds
Number of updated asset objects reloaded before import = 0Number of asset objects unloaded after import = 19

========================================================================
Received Import Request.
  Time since last request: 3.409042 seconds.
  path: Assets/Prefabs/Enemy.prefab
  artifactKey: Guid(1294aa7005db2b045bac8fecb01dd39e) Importer(815301076,1909f56bfc062723c751e8b465ee728b)
Start importing Assets/Prefabs/Enemy.prefab using Guid(1294aa7005db2b045bac8fecb01dd39e) Importer(815301076,1909f56bfc062723c751e8b465ee728b) (PreviewImporter) -> (artifact id: '36cb7a1a97da5ea8f485d8af05cec4c2') in 0.0130149 seconds
Number of updated asset objects reloaded before import = 0Number of asset objects unloaded after import = 19

========================================================================
Received Import Request.
  Time since last request: 4.424359 seconds.
  path: Assets/Prefabs/Enemy.prefab
  artifactKey: Guid(1294aa7005db2b045bac8fecb01dd39e) Importer(815301076,1909f56bfc062723c751e8b465ee728b)
Start importing Assets/Prefabs/Enemy.prefab using Guid(1294aa7005db2b045bac8fecb01dd39e) Importer(815301076,1909f56bfc062723c751e8b465ee728b) (PreviewImporter) -> (artifact id: '919974c6a8e4e258937a3c6bd98f1a00') in 0.0118188 seconds
Number of updated asset objects reloaded before import = 0Number of asset objects unloaded after import = 19

========================================================================
Received Import Request.
  Time since last request: 1.996217 seconds.
  path: Assets/Prefabs/Enemy.prefab
  artifactKey: Guid(1294aa7005db2b045bac8fecb01dd39e) Importer(815301076,1909f56bfc062723c751e8b465ee728b)
Start importing Assets/Prefabs/Enemy.prefab using Guid(1294aa7005db2b045bac8fecb01dd39e) Importer(815301076,1909f56bfc062723c751e8b465ee728b) (PreviewImporter) -> (artifact id: 'a13badd4f51aed165f602c7b49c6e13e') in 0.0119488 seconds
Number of updated asset objects reloaded before import = 0Number of asset objects unloaded after import = 19

========================================================================
Received Import Request.
  Time since last request: 5.008520 seconds.
  path: Assets/Prefabs/Enemy.prefab
  artifactKey: Guid(1294aa7005db2b045bac8fecb01dd39e) Importer(815301076,1909f56bfc062723c751e8b465ee728b)
Start importing Assets/Prefabs/Enemy.prefab using Guid(1294aa7005db2b045bac8fecb01dd39e) Importer(815301076,1909f56bfc062723c751e8b465ee728b) (PreviewImporter) -> (artifact id: 'd74ce3d405372c8c3e19109bd350f6dc') in 0.0116546 seconds
Number of updated asset objects reloaded before import = 0Number of asset objects unloaded after import = 19

========================================================================
Received Import Request.
  Time since last request: 3.406382 seconds.
  path: Assets/Prefabs/Enemy.prefab
  artifactKey: Guid(1294aa7005db2b045bac8fecb01dd39e) Importer(815301076,1909f56bfc062723c751e8b465ee728b)
Start importing Assets/Prefabs/Enemy.prefab using Guid(1294aa7005db2b045bac8fecb01dd39e) Importer(815301076,1909f56bfc062723c751e8b465ee728b) (PreviewImporter) -> (artifact id: 'cb93d0830fdc071ff4090ae167db1e7e') in 0.0125834 seconds
Number of updated asset objects reloaded before import = 0Number of asset objects unloaded after import = 19

========================================================================
Received Import Request.
  Time since last request: 3.808411 seconds.
  path: Assets/Prefabs/Enemy.prefab
  artifactKey: Guid(1294aa7005db2b045bac8fecb01dd39e) Importer(815301076,1909f56bfc062723c751e8b465ee728b)
Start importing Assets/Prefabs/Enemy.prefab using Guid(1294aa7005db2b045bac8fecb01dd39e) Importer(815301076,1909f56bfc062723c751e8b465ee728b) (PreviewImporter) -> (artifact id: '5e1ebda274de975a65d7ed3da18272ab') in 0.0125789 seconds
Number of updated asset objects reloaded before import = 0Number of asset objects unloaded after import = 19

========================================================================
Received Import Request.
  Time since last request: 4.618430 seconds.
  path: Assets/Prefabs/Enemy.prefab
  artifactKey: Guid(1294aa7005db2b045bac8fecb01dd39e) Importer(815301076,1909f56bfc062723c751e8b465ee728b)
Start importing Assets/Prefabs/Enemy.prefab using Guid(1294aa7005db2b045bac8fecb01dd39e) Importer(815301076,1909f56bfc062723c751e8b465ee728b) (PreviewImporter) -> (artifact id: 'd7c7b130eebaeec50ffb15c560604f3d') in 0.0122746 seconds
Number of updated asset objects reloaded before import = 0Number of asset objects unloaded after import = 19

========================================================================
Received Import Request.
  Time since last request: 8.032410 seconds.
  path: Assets/Prefabs/Enemy.prefab
  artifactKey: Guid(1294aa7005db2b045bac8fecb01dd39e) Importer(815301076,1909f56bfc062723c751e8b465ee728b)
Start importing Assets/Prefabs/Enemy.prefab using Guid(1294aa7005db2b045bac8fecb01dd39e) Importer(815301076,1909f56bfc062723c751e8b465ee728b) (PreviewImporter) -> (artifact id: '4325491dd4bfbeb3bdc2e34c0cc72f83') in 0.0146141 seconds
Number of updated asset objects reloaded before import = 0Number of asset objects unloaded after import = 19

========================================================================
Received Prepare
Begin MonoManager ReloadAssembly
- Loaded All Assemblies, in  0.693 seconds
Refreshing native plugins compatible for Editor in 3.85 ms, found 4 plugins.
Native extension for Android target not found
Native extension for WindowsStandalone target not found
Mono: successfully reloaded assembly
[Package Manager] Failed to launch server process. Reason: Unity was launched with the -noUpm command-line argument
[Package Manager] Unable to send message (not connected to server process).
[Package Manager] Cannot connect to Unity Package Manager local server
- Finished resetting the current domain, in  0.719 seconds
Domain Reload Profiling: 1409ms
	BeginReloadAssembly (185ms)
		ExecutionOrderSort (0ms)
		DisableScriptedObjects (11ms)
		BackupInstance (0ms)
		ReleaseScriptingObjects (0ms)
		CreateAndSetChildDomain (47ms)
	RebuildCommonClasses (28ms)
	RebuildNativeTypeToScriptingClass (10ms)
	initialDomainReloadingComplete (24ms)
	LoadAllAssembliesAndSetupDomain (442ms)
		LoadAssemblies (355ms)
		RebuildTransferFunctionScriptingTraits (0ms)
		AnalyzeDomain (178ms)
			TypeCache.Refresh (10ms)
				TypeCache.ScanAssembly (0ms)
			BuildScriptInfoCaches (156ms)
			ResolveRequiredComponents (9ms)
	FinalizeReload (719ms)
		ReleaseScriptCaches (0ms)
		RebuildScriptCaches (0ms)
		SetupLoadedEditorAssemblies (600ms)
			LogAssemblyErrors (0ms)
			InitializePlatformSupportModulesInManaged (11ms)
			SetLoadedEditorAssemblies (6ms)
			BeforeProcessingInitializeOnLoad (132ms)
			ProcessInitializeOnLoadAttributes (381ms)
			ProcessInitializeOnLoadMethodAttributes (65ms)
			AfterProcessingInitializeOnLoad (5ms)
			EditorAssembliesLoaded (0ms)
		ExecutionOrderSort2 (0ms)
		AwakeInstancesAfterBackupRestoration (7ms)
Shader Hidden/ProbeVolume/VoxelizeScene is not supported: GPU does not support conservative rasterization
Refreshing native plugins compatible for Editor in 3.95 ms, found 4 plugins.
Preloading 0 native plugins for Editor in 0.00 ms.
Unloading 32 Unused Serialized files (Serialized files now loaded: 0)
Unloading 6942 unused Assets / (6.2 MB). Loaded Objects now: 7509.
Memory consumption went from 139.5 MB to 133.2 MB.
Total: 10.771300 ms (FindLiveObjects: 0.787400 ms CreateObjectMapping: 1.200600 ms MarkObjects: 5.481400 ms  DeleteObjects: 3.301100 ms)

Prepare: number of updated asset objects reloaded= 0
========================================================================
Received Import Request.
  Time since last request: 147.644020 seconds.
  path: Assets/Prefabs/Enemy.prefab
  artifactKey: Guid(1294aa7005db2b045bac8fecb01dd39e) Importer(815301076,1909f56bfc062723c751e8b465ee728b)
Start importing Assets/Prefabs/Enemy.prefab using Guid(1294aa7005db2b045bac8fecb01dd39e) Importer(815301076,1909f56bfc062723c751e8b465ee728b) (PreviewImporter) -> (artifact id: '7b84d10a3c6b5b92b5c2e802f28cecfb') in 0.0881373 seconds
Number of updated asset objects reloaded before import = 0Number of asset objects unloaded after import = 24

========================================================================
Received Import Request.
  Time since last request: 17.320754 seconds.
  path: Assets/Prefabs/Enemy.prefab
  artifactKey: Guid(1294aa7005db2b045bac8fecb01dd39e) Importer(815301076,1909f56bfc062723c751e8b465ee728b)
Start importing Assets/Prefabs/Enemy.prefab using Guid(1294aa7005db2b045bac8fecb01dd39e) Importer(815301076,1909f56bfc062723c751e8b465ee728b) (PreviewImporter) -> (artifact id: '5c775958c9ac729bf94627c39ed328c4') in 0.0165416 seconds
Number of updated asset objects reloaded before import = 0Number of asset objects unloaded after import = 24

========================================================================
Received Import Request.
  Time since last request: 1.107327 seconds.
  path: Assets/Prefabs/Enemy.prefab
  artifactKey: Guid(1294aa7005db2b045bac8fecb01dd39e) Importer(815301076,1909f56bfc062723c751e8b465ee728b)
Start importing Assets/Prefabs/Enemy.prefab using Guid(1294aa7005db2b045bac8fecb01dd39e) Importer(815301076,1909f56bfc062723c751e8b465ee728b) (PreviewImporter) -> (artifact id: 'f4fd1c144bf9c2cf4abc7a756e6717a9') in 0.016337 seconds
Number of updated asset objects reloaded before import = 0Number of asset objects unloaded after import = 24

========================================================================
Received Import Request.
  Time since last request: 0.982349 seconds.
  path: Assets/Prefabs/Enemy.prefab
  artifactKey: Guid(1294aa7005db2b045bac8fecb01dd39e) Importer(815301076,1909f56bfc062723c751e8b465ee728b)
Start importing Assets/Prefabs/Enemy.prefab using Guid(1294aa7005db2b045bac8fecb01dd39e) Importer(815301076,1909f56bfc062723c751e8b465ee728b) (PreviewImporter) -> (artifact id: '0251d2db14c6bffbd844e3bf85536ae0') in 0.0171771 seconds
Number of updated asset objects reloaded before import = 0Number of asset objects unloaded after import = 24

========================================================================
Received Import Request.
  Time since last request: 3.810805 seconds.
  path: Assets/Prefabs/Enemy.prefab
  artifactKey: Guid(1294aa7005db2b045bac8fecb01dd39e) Importer(815301076,1909f56bfc062723c751e8b465ee728b)
Start importing Assets/Prefabs/Enemy.prefab using Guid(1294aa7005db2b045bac8fecb01dd39e) Importer(815301076,1909f56bfc062723c751e8b465ee728b) (PreviewImporter) -> (artifact id: '9b8fc9444385d0134b095145fa2b91a1') in 0.0196307 seconds
Number of updated asset objects reloaded before import = 0Number of asset objects unloaded after import = 24

========================================================================
Received Import Request.
  Time since last request: 6.833750 seconds.
  path: Assets/Prefabs/Enemy.prefab
  artifactKey: Guid(1294aa7005db2b045bac8fecb01dd39e) Importer(815301076,1909f56bfc062723c751e8b465ee728b)
Start importing Assets/Prefabs/Enemy.prefab using Guid(1294aa7005db2b045bac8fecb01dd39e) Importer(815301076,1909f56bfc062723c751e8b465ee728b) (PreviewImporter) -> (artifact id: 'c489f7e6bf530d94ab56ad7c7ae851c3') in 0.0171726 seconds
Number of updated asset objects reloaded before import = 0Number of asset objects unloaded after import = 24

========================================================================
Received Import Request.
  Time since last request: 2.798872 seconds.
  path: Assets/Prefabs/Enemy.prefab
  artifactKey: Guid(1294aa7005db2b045bac8fecb01dd39e) Importer(815301076,1909f56bfc062723c751e8b465ee728b)
Start importing Assets/Prefabs/Enemy.prefab using Guid(1294aa7005db2b045bac8fecb01dd39e) Importer(815301076,1909f56bfc062723c751e8b465ee728b) (PreviewImporter) -> (artifact id: '5760d1510a6571d3e365121e422e9f3f') in 0.0180925 seconds
Number of updated asset objects reloaded before import = 0Number of asset objects unloaded after import = 24

========================================================================
Received Import Request.
  Time since last request: 14.673482 seconds.
  path: Assets/Prefabs/Enemy.prefab
  artifactKey: Guid(1294aa7005db2b045bac8fecb01dd39e) Importer(815301076,1909f56bfc062723c751e8b465ee728b)
Start importing Assets/Prefabs/Enemy.prefab using Guid(1294aa7005db2b045bac8fecb01dd39e) Importer(815301076,1909f56bfc062723c751e8b465ee728b) (PreviewImporter) -> (artifact id: '67585543115e2ad99791cc43deae10d5') in 0.0183248 seconds
Number of updated asset objects reloaded before import = 0Number of asset objects unloaded after import = 24

========================================================================
Received Import Request.
  Time since last request: 5.661703 seconds.
  path: Assets/Prefabs/Enemy.prefab
  artifactKey: Guid(1294aa7005db2b045bac8fecb01dd39e) Importer(815301076,1909f56bfc062723c751e8b465ee728b)
Start importing Assets/Prefabs/Enemy.prefab using Guid(1294aa7005db2b045bac8fecb01dd39e) Importer(815301076,1909f56bfc062723c751e8b465ee728b) (PreviewImporter) -> (artifact id: 'a097820b2ac92446fc3952724376b514') in 0.0219936 seconds
Number of updated asset objects reloaded before import = 0Number of asset objects unloaded after import = 26

========================================================================
Received Prepare
Begin MonoManager ReloadAssembly
- Loaded All Assemblies, in  0.753 seconds
Refreshing native plugins compatible for Editor in 4.21 ms, found 4 plugins.
Native extension for Android target not found
Native extension for WindowsStandalone target not found
Mono: successfully reloaded assembly
[Package Manager] Failed to launch server process. Reason: Unity was launched with the -noUpm command-line argument
[Package Manager] Unable to send message (not connected to server process).
[Package Manager] Cannot connect to Unity Package Manager local server
- Finished resetting the current domain, in  0.754 seconds
Domain Reload Profiling: 1506ms
	BeginReloadAssembly (208ms)
		ExecutionOrderSort (0ms)
		DisableScriptedObjects (11ms)
		BackupInstance (0ms)
		ReleaseScriptingObjects (0ms)
		CreateAndSetChildDomain (68ms)
	RebuildCommonClasses (41ms)
	RebuildNativeTypeToScriptingClass (10ms)
	initialDomainReloadingComplete (24ms)
	LoadAllAssembliesAndSetupDomain (469ms)
		LoadAssemblies (360ms)
		RebuildTransferFunctionScriptingTraits (0ms)
		AnalyzeDomain (199ms)
			TypeCache.Refresh (10ms)
				TypeCache.ScanAssembly (0ms)
			BuildScriptInfoCaches (176ms)
			ResolveRequiredComponents (10ms)
	FinalizeReload (754ms)
		ReleaseScriptCaches (0ms)
		RebuildScriptCaches (0ms)
		SetupLoadedEditorAssemblies (614ms)
			LogAssemblyErrors (0ms)
			InitializePlatformSupportModulesInManaged (11ms)
			SetLoadedEditorAssemblies (6ms)
			BeforeProcessingInitializeOnLoad (139ms)
			ProcessInitializeOnLoadAttributes (385ms)
			ProcessInitializeOnLoadMethodAttributes (67ms)
			AfterProcessingInitializeOnLoad (6ms)
			EditorAssembliesLoaded (0ms)
		ExecutionOrderSort2 (0ms)
		AwakeInstancesAfterBackupRestoration (8ms)
Shader Hidden/ProbeVolume/VoxelizeScene is not supported: GPU does not support conservative rasterization
Refreshing native plugins compatible for Editor in 4.85 ms, found 4 plugins.
Preloading 0 native plugins for Editor in 0.00 ms.
Unloading 32 Unused Serialized files (Serialized files now loaded: 0)
Unloading 6942 unused Assets / (6.0 MB). Loaded Objects now: 7517.
Memory consumption went from 139.6 MB to 133.6 MB.
Total: 10.651700 ms (FindLiveObjects: 0.724100 ms CreateObjectMapping: 0.930500 ms MarkObjects: 5.571600 ms  DeleteObjects: 3.424700 ms)

Prepare: number of updated asset objects reloaded= 0
========================================================================
Received Import Request.
  Time since last request: 242.765519 seconds.
  path: Assets/Resources/dezain/колбочки/№1.png
  artifactKey: Guid(c01b9eedabd8d2b49b989e5ad172c1c5) Importer(815301076,1909f56bfc062723c751e8b465ee728b)
Start importing Assets/Resources/dezain/колбочки/№1.png using Guid(c01b9eedabd8d2b49b989e5ad172c1c5) Importer(815301076,1909f56bfc062723c751e8b465ee728b) (PreviewImporter) -> (artifact id: '2f328a5139211ec9c4319b62fca0a4ba') in 0.0588157 seconds
Number of updated asset objects reloaded before import = 0Number of asset objects unloaded after import = 5

========================================================================
Received Import Request.
  Time since last request: 2.307135 seconds.
  path: Assets/Resources/спрайты 11.02 — копия/главное меню/эконка рейтинг.png
  artifactKey: Guid(6d6cade3d2286cf4794efc835471b326) Importer(815301076,1909f56bfc062723c751e8b465ee728b)
Start importing Assets/Resources/спрайты 11.02 — копия/главное меню/эконка рейтинг.png using Guid(6d6cade3d2286cf4794efc835471b326) Importer(815301076,1909f56bfc062723c751e8b465ee728b) (PreviewImporter) -> (artifact id: '34ab3384d3064d786d8715675cb1db39') in 0.0244145 seconds
Number of updated asset objects reloaded before import = 0Number of asset objects unloaded after import = 6

========================================================================
Received Import Request.
  Time since last request: 0.027718 seconds.
  path: Assets/Resources/dezain/колбочки/этикетка.png
  artifactKey: Guid(450f3f07889f5a84ab899472287437a4) Importer(815301076,1909f56bfc062723c751e8b465ee728b)
Start importing Assets/Resources/dezain/колбочки/этикетка.png using Guid(450f3f07889f5a84ab899472287437a4) Importer(815301076,1909f56bfc062723c751e8b465ee728b) (PreviewImporter) -> (artifact id: '649ca10c9063883db4cfd204d802dfa3') in 0.0247007 seconds
Number of updated asset objects reloaded before import = 0Number of asset objects unloaded after import = 3

========================================================================
Received Import Request.
  Time since last request: 0.000018 seconds.
  path: Assets/Resources/спрайты 11.02 — копия/главное меню/эконка настройки.png
  artifactKey: Guid(8dd12246f085668459c8f352d26ee15c) Importer(815301076,1909f56bfc062723c751e8b465ee728b)
Start importing Assets/Resources/спрайты 11.02 — копия/главное меню/эконка настройки.png using Guid(8dd12246f085668459c8f352d26ee15c) Importer(815301076,1909f56bfc062723c751e8b465ee728b) (PreviewImporter) -> (artifact id: 'a68873ffa179c015bc701dd80760ed7e') in 0.0116737 seconds
Number of updated asset objects reloaded before import = 0Number of asset objects unloaded after import = 3

========================================================================
Received Import Request.
  Time since last request: 0.000014 seconds.
  path: Assets/Resources/спрайты 11.02 — копия/главное меню/эконка доп деятельность.png
  artifactKey: Guid(177fad6584362734aa40e5152b7704bf) Importer(815301076,1909f56bfc062723c751e8b465ee728b)
Start importing Assets/Resources/спрайты 11.02 — копия/главное меню/эконка доп деятельность.png using Guid(177fad6584362734aa40e5152b7704bf) Importer(815301076,1909f56bfc062723c751e8b465ee728b) (PreviewImporter) -> (artifact id: '47cc4601a5df3c3a15cad65f8477dbd7') in 0.0093185 seconds
Number of updated asset objects reloaded before import = 0Number of asset objects unloaded after import = 3

========================================================================
Received Import Request.
  Time since last request: 0.028274 seconds.
  path: Assets/Resources/dezain/регистрация/Даю согласие на обработку данных.png
  artifactKey: Guid(f73624eaee83f634bb6a2a23ce51888e) Importer(815301076,1909f56bfc062723c751e8b465ee728b)
Start importing Assets/Resources/dezain/регистрация/Даю согласие на обработку данных.png using Guid(f73624eaee83f634bb6a2a23ce51888e) Importer(815301076,1909f56bfc062723c751e8b465ee728b) (PreviewImporter) -> (artifact id: '8a8994f69462fe76c9d58a2b78f103a7') in 0.0494543 seconds
Number of updated asset objects reloaded before import = 0Number of asset objects unloaded after import = 30

Editor requested this worker to shutdown with reason: Scaling down because of idle timeout
AssetImportWorker is now disconnected from the server
Process exiting
Exiting without the bug reporter. Application will terminate with return code 0